{"/Users/Ray-Thurman/Documents/WEBPT8/backend/middleware/index.js": {"path":"/Users/Ray-Thurman/Documents/WEBPT8/backend/middleware/index.js","statementMap":{"0":{"start":{"line":1,"column":16},"end":{"line":1,"column":34}},"1":{"start":{"line":2,"column":15},"end":{"line":2,"column":32}},"2":{"start":{"line":3,"column":13},"end":{"line":3,"column":28}},"3":{"start":{"line":4,"column":15},"end":{"line":4,"column":32}},"4":{"start":{"line":5,"column":18},"end":{"line":5,"column":47}},"5":{"start":{"line":6,"column":17},"end":{"line":6,"column":45}},"6":{"start":{"line":8,"column":16},"end":{"line":12,"column":2}},"7":{"start":{"line":14,"column":16},"end":{"line":18,"column":2}},"8":{"start":{"line":20,"column":13},"end":{"line":25,"column":2}},"9":{"start":{"line":27,"column":0},"end":{"line":34,"column":1}},"10":{"start":{"line":28,"column":2},"end":{"line":28,"column":22}},"11":{"start":{"line":29,"column":2},"end":{"line":29,"column":29}},"12":{"start":{"line":30,"column":2},"end":{"line":30,"column":21}},"13":{"start":{"line":31,"column":2},"end":{"line":31,"column":28}}},"fnMap":{"0":{"name":"(anonymous_0)","decl":{"start":{"line":27,"column":17},"end":{"line":27,"column":18}},"loc":{"start":{"line":27,"column":27},"end":{"line":34,"column":1}},"line":27}},"branchMap":{},"s":{"0":5,"1":5,"2":5,"3":5,"4":5,"5":5,"6":5,"7":5,"8":5,"9":5,"10":5,"11":5,"12":5,"13":5},"f":{"0":5},"b":{},"_coverageSchema":"1a1c01bbd47fc00a2c39e90264f33305004495a9","hash":"cf371149fc58bcba8baf42dff27b3f2a38d8910d"}
,"/Users/Ray-Thurman/Documents/WEBPT8/backend/router/auth/auth-router.js": {"path":"/Users/Ray-Thurman/Documents/WEBPT8/backend/router/auth/auth-router.js","statementMap":{"0":{"start":{"line":1,"column":19},"end":{"line":1,"column":46}},"1":{"start":{"line":2,"column":15},"end":{"line":2,"column":34}},"2":{"start":{"line":3,"column":22},"end":{"line":3,"column":58}},"3":{"start":{"line":4,"column":16},"end":{"line":4,"column":53}},"4":{"start":{"line":5,"column":44},"end":{"line":5,"column":80}},"5":{"start":{"line":6,"column":17},"end":{"line":6,"column":48}},"6":{"start":{"line":7,"column":15},"end":{"line":7,"column":44}},"7":{"start":{"line":11,"column":4},"end":{"line":11,"column":46}},"8":{"start":{"line":13,"column":0},"end":{"line":75,"column":4}},"9":{"start":{"line":15,"column":4},"end":{"line":27,"column":5}},"10":{"start":{"line":16,"column":17},"end":{"line":16,"column":25}},"11":{"start":{"line":17,"column":21},"end":{"line":17,"column":57}},"12":{"start":{"line":18,"column":6},"end":{"line":18,"column":28}},"13":{"start":{"line":20,"column":6},"end":{"line":20,"column":29}},"14":{"start":{"line":21,"column":6},"end":{"line":23,"column":67}},"15":{"start":{"line":25,"column":6},"end":{"line":25,"column":24}},"16":{"start":{"line":26,"column":6},"end":{"line":26,"column":17}},"17":{"start":{"line":31,"column":4},"end":{"line":50,"column":5}},"18":{"start":{"line":32,"column":37},"end":{"line":32,"column":45}},"19":{"start":{"line":33,"column":19},"end":{"line":33,"column":53}},"20":{"start":{"line":34,"column":23},"end":{"line":34,"column":68}},"21":{"start":{"line":36,"column":6},"end":{"line":47,"column":7}},"22":{"start":{"line":37,"column":22},"end":{"line":37,"column":41}},"23":{"start":{"line":38,"column":8},"end":{"line":42,"column":10}},"24":{"start":{"line":44,"column":8},"end":{"line":46,"column":10}},"25":{"start":{"line":49,"column":6},"end":{"line":49,"column":17}},"26":{"start":{"line":54,"column":4},"end":{"line":58,"column":5}},"27":{"start":{"line":55,"column":6},"end":{"line":55,"column":73}},"28":{"start":{"line":57,"column":6},"end":{"line":57,"column":17}},"29":{"start":{"line":62,"column":4},"end":{"line":74,"column":5}},"30":{"start":{"line":63,"column":38},"end":{"line":63,"column":46}},"31":{"start":{"line":64,"column":17},"end":{"line":64,"column":55}},"32":{"start":{"line":65,"column":21},"end":{"line":65,"column":56}},"33":{"start":{"line":66,"column":26},"end":{"line":69,"column":7}},"34":{"start":{"line":70,"column":6},"end":{"line":70,"column":50}},"35":{"start":{"line":71,"column":6},"end":{"line":71,"column":79}},"36":{"start":{"line":73,"column":6},"end":{"line":73,"column":17}},"37":{"start":{"line":77,"column":0},"end":{"line":77,"column":27}}},"fnMap":{"0":{"name":"(anonymous_0)","decl":{"start":{"line":14,"column":41},"end":{"line":14,"column":42}},"loc":{"start":{"line":14,"column":67},"end":{"line":28,"column":3}},"line":14},"1":{"name":"(anonymous_1)","decl":{"start":{"line":30,"column":45},"end":{"line":30,"column":46}},"loc":{"start":{"line":30,"column":71},"end":{"line":51,"column":3}},"line":30},"2":{"name":"(anonymous_2)","decl":{"start":{"line":53,"column":55},"end":{"line":53,"column":56}},"loc":{"start":{"line":53,"column":75},"end":{"line":59,"column":3}},"line":53},"3":{"name":"(anonymous_3)","decl":{"start":{"line":61,"column":41},"end":{"line":61,"column":42}},"loc":{"start":{"line":61,"column":67},"end":{"line":75,"column":3}},"line":61}},"branchMap":{"0":{"loc":{"start":{"line":36,"column":6},"end":{"line":47,"column":7}},"type":"if","locations":[{"start":{"line":36,"column":6},"end":{"line":47,"column":7}},{"start":{"line":36,"column":6},"end":{"line":47,"column":7}}],"line":36},"1":{"loc":{"start":{"line":36,"column":10},"end":{"line":36,"column":26}},"type":"binary-expr","locations":[{"start":{"line":36,"column":10},"end":{"line":36,"column":14}},{"start":{"line":36,"column":18},"end":{"line":36,"column":26}}],"line":36}},"s":{"0":5,"1":5,"2":5,"3":5,"4":5,"5":5,"6":5,"7":5,"8":5,"9":1,"10":1,"11":1,"12":1,"13":1,"14":1,"15":0,"16":0,"17":6,"18":6,"19":6,"20":6,"21":5,"22":4,"23":4,"24":1,"25":1,"26":0,"27":0,"28":0,"29":0,"30":0,"31":0,"32":0,"33":0,"34":0,"35":0,"36":0,"37":5},"f":{"0":1,"1":6,"2":0,"3":0},"b":{"0":[4,1],"1":[5,5]},"_coverageSchema":"1a1c01bbd47fc00a2c39e90264f33305004495a9","hash":"40fa58c0617d2879693f0001911f3f3a8010861e"}
}
