{"/Users/Ray-Thurman/Documents/WEBPT8/backend/knexfile.js": {"path":"/Users/Ray-Thurman/Documents/WEBPT8/backend/knexfile.js","statementMap":{"0":{"start":{"line":1,"column":0},"end":{"line":1,"column":26}},"1":{"start":{"line":2,"column":11},"end":{"line":2,"column":24}},"2":{"start":{"line":4,"column":16},"end":{"line":9,"column":1}},"3":{"start":{"line":11,"column":0},"end":{"line":15,"column":1}},"4":{"start":{"line":12,"column":2},"end":{"line":12,"column":25}},"5":{"start":{"line":14,"column":2},"end":{"line":14,"column":24}},"6":{"start":{"line":17,"column":15},"end":{"line":31,"column":1}},"7":{"start":{"line":28,"column":6},"end":{"line":28,"column":46}},"8":{"start":{"line":33,"column":0},"end":{"line":59,"column":1}}},"fnMap":{"0":{"name":"(anonymous_0)","decl":{"start":{"line":27,"column":17},"end":{"line":27,"column":18}},"loc":{"start":{"line":27,"column":33},"end":{"line":29,"column":5}},"line":27}},"branchMap":{"0":{"loc":{"start":{"line":11,"column":0},"end":{"line":15,"column":1}},"type":"if","locations":[{"start":{"line":11,"column":0},"end":{"line":15,"column":1}},{"start":{"line":11,"column":0},"end":{"line":15,"column":1}}],"line":11},"1":{"loc":{"start":{"line":50,"column":16},"end":{"line":50,"column":51}},"type":"binary-expr","locations":[{"start":{"line":50,"column":16},"end":{"line":50,"column":40}},{"start":{"line":50,"column":44},"end":{"line":50,"column":51}}],"line":50}},"s":{"0":5,"1":5,"2":5,"3":5,"4":5,"5":0,"6":5,"7":4,"8":5},"f":{"0":4},"b":{"0":[5,0],"1":[5,5]},"_coverageSchema":"1a1c01bbd47fc00a2c39e90264f33305004495a9","hash":"cd8e9944c85dc51cb95ac8d65c51050ff12c26c2"}
,"/Users/Ray-Thurman/Documents/WEBPT8/backend/api/server.js": {"path":"/Users/Ray-Thurman/Documents/WEBPT8/backend/api/server.js","statementMap":{"0":{"start":{"line":1,"column":16},"end":{"line":1,"column":34}},"1":{"start":{"line":2,"column":19},"end":{"line":2,"column":43}},"2":{"start":{"line":3,"column":15},"end":{"line":3,"column":48}},"3":{"start":{"line":5,"column":15},"end":{"line":5,"column":24}},"4":{"start":{"line":7,"column":0},"end":{"line":7,"column":18}},"5":{"start":{"line":8,"column":0},"end":{"line":8,"column":14}},"6":{"start":{"line":10,"column":0},"end":{"line":12,"column":2}},"7":{"start":{"line":11,"column":2},"end":{"line":11,"column":58}},"8":{"start":{"line":14,"column":0},"end":{"line":14,"column":23}}},"fnMap":{"0":{"name":"(anonymous_0)","decl":{"start":{"line":10,"column":16},"end":{"line":10,"column":17}},"loc":{"start":{"line":10,"column":36},"end":{"line":12,"column":1}},"line":10}},"branchMap":{},"s":{"0":5,"1":5,"2":5,"3":5,"4":5,"5":5,"6":5,"7":1,"8":5},"f":{"0":1},"b":{},"_coverageSchema":"1a1c01bbd47fc00a2c39e90264f33305004495a9","hash":"3553109b3e46c885b81888d22c546539523d757a"}
,"/Users/Ray-Thurman/Documents/WEBPT8/backend/data/db-config.js": {"path":"/Users/Ray-Thurman/Documents/WEBPT8/backend/data/db-config.js","statementMap":{"0":{"start":{"line":1,"column":0},"end":{"line":1,"column":27}},"1":{"start":{"line":2,"column":13},"end":{"line":2,"column":28}},"2":{"start":{"line":4,"column":15},"end":{"line":4,"column":37}},"3":{"start":{"line":6,"column":12},"end":{"line":6,"column":49}},"4":{"start":{"line":8,"column":0},"end":{"line":8,"column":35}}},"fnMap":{},"branchMap":{"0":{"loc":{"start":{"line":6,"column":12},"end":{"line":6,"column":49}},"type":"binary-expr","locations":[{"start":{"line":6,"column":12},"end":{"line":6,"column":32}},{"start":{"line":6,"column":36},"end":{"line":6,"column":49}}],"line":6}},"s":{"0":5,"1":5,"2":5,"3":5,"4":5},"f":{},"b":{"0":[5,0]},"_coverageSchema":"1a1c01bbd47fc00a2c39e90264f33305004495a9","hash":"57d067e61d3373c27bddc8aa214d27b9455da919"}
,"/Users/Ray-Thurman/Documents/WEBPT8/backend/data/seeds/00-cleanup.js": {"path":"/Users/Ray-Thurman/Documents/WEBPT8/backend/data/seeds/00-cleanup.js","statementMap":{"0":{"start":{"line":1,"column":0},"end":{"line":1,"column":26}},"1":{"start":{"line":2,"column":16},"end":{"line":2,"column":39}},"2":{"start":{"line":4,"column":0},"end":{"line":9,"column":1}},"3":{"start":{"line":5,"column":2},"end":{"line":8,"column":4}}},"fnMap":{"0":{"name":"(anonymous_0)","decl":{"start":{"line":4,"column":15},"end":{"line":4,"column":16}},"loc":{"start":{"line":4,"column":30},"end":{"line":9,"column":1}},"line":4}},"branchMap":{},"s":{"0":4,"1":4,"2":4,"3":30},"f":{"0":30},"b":{},"_coverageSchema":"1a1c01bbd47fc00a2c39e90264f33305004495a9","hash":"a0a64436ba0dccc92bad35acd8d66f5704898488"}
,"/Users/Ray-Thurman/Documents/WEBPT8/backend/data/seeds/01-parents.js": {"path":"/Users/Ray-Thurman/Documents/WEBPT8/backend/data/seeds/01-parents.js","statementMap":{"0":{"start":{"line":1,"column":15},"end":{"line":1,"column":34}},"1":{"start":{"line":3,"column":0},"end":{"line":38,"column":1}},"2":{"start":{"line":4,"column":13},"end":{"line":4,"column":42}},"3":{"start":{"line":6,"column":2},"end":{"line":37,"column":4}}},"fnMap":{"0":{"name":"(anonymous_0)","decl":{"start":{"line":3,"column":15},"end":{"line":3,"column":16}},"loc":{"start":{"line":3,"column":36},"end":{"line":38,"column":1}},"line":3}},"branchMap":{},"s":{"0":4,"1":4,"2":30,"3":30},"f":{"0":30},"b":{},"_coverageSchema":"1a1c01bbd47fc00a2c39e90264f33305004495a9","hash":"06cc9285535a116a2145737f7fd32afad23a7653"}
,"/Users/Ray-Thurman/Documents/WEBPT8/backend/data/seeds/02-monsters.js": {"path":"/Users/Ray-Thurman/Documents/WEBPT8/backend/data/seeds/02-monsters.js","statementMap":{"0":{"start":{"line":1,"column":0},"end":{"line":8,"column":1}},"1":{"start":{"line":2,"column":2},"end":{"line":7,"column":4}}},"fnMap":{"0":{"name":"(anonymous_0)","decl":{"start":{"line":1,"column":15},"end":{"line":1,"column":16}},"loc":{"start":{"line":1,"column":36},"end":{"line":8,"column":1}},"line":1}},"branchMap":{},"s":{"0":4,"1":18},"f":{"0":18},"b":{},"_coverageSchema":"1a1c01bbd47fc00a2c39e90264f33305004495a9","hash":"c71ca47183ed8031b54876df1262d40d48094361"}
,"/Users/Ray-Thurman/Documents/WEBPT8/backend/data/seeds/03-children.js": {"path":"/Users/Ray-Thurman/Documents/WEBPT8/backend/data/seeds/03-children.js","statementMap":{"0":{"start":{"line":1,"column":0},"end":{"line":9,"column":2}},"1":{"start":{"line":2,"column":2},"end":{"line":8,"column":5}}},"fnMap":{"0":{"name":"(anonymous_0)","decl":{"start":{"line":1,"column":15},"end":{"line":1,"column":16}},"loc":{"start":{"line":1,"column":36},"end":{"line":9,"column":1}},"line":1}},"branchMap":{},"s":{"0":4,"1":18},"f":{"0":18},"b":{},"_coverageSchema":"1a1c01bbd47fc00a2c39e90264f33305004495a9","hash":"52b6163d667d1981b531961058b67211ab9b2ce9"}
,"/Users/Ray-Thurman/Documents/WEBPT8/backend/data/seeds/04-foods.js": {"path":"/Users/Ray-Thurman/Documents/WEBPT8/backend/data/seeds/04-foods.js","statementMap":{"0":{"start":{"line":1,"column":0},"end":{"line":9,"column":1}},"1":{"start":{"line":2,"column":2},"end":{"line":8,"column":4}}},"fnMap":{"0":{"name":"(anonymous_0)","decl":{"start":{"line":1,"column":15},"end":{"line":1,"column":16}},"loc":{"start":{"line":1,"column":36},"end":{"line":9,"column":1}},"line":1}},"branchMap":{},"s":{"0":4,"1":17},"f":{"0":17},"b":{},"_coverageSchema":"1a1c01bbd47fc00a2c39e90264f33305004495a9","hash":"1a2121ca8fcfa84676a3404bde60564fe1d1b4c4"}
,"/Users/Ray-Thurman/Documents/WEBPT8/backend/middleware/index.js": {"path":"/Users/Ray-Thurman/Documents/WEBPT8/backend/middleware/index.js","statementMap":{"0":{"start":{"line":1,"column":16},"end":{"line":1,"column":34}},"1":{"start":{"line":2,"column":15},"end":{"line":2,"column":32}},"2":{"start":{"line":3,"column":13},"end":{"line":3,"column":28}},"3":{"start":{"line":4,"column":15},"end":{"line":4,"column":32}},"4":{"start":{"line":6,"column":0},"end":{"line":17,"column":1}},"5":{"start":{"line":7,"column":2},"end":{"line":7,"column":22}},"6":{"start":{"line":8,"column":2},"end":{"line":8,"column":29}},"7":{"start":{"line":9,"column":2},"end":{"line":15,"column":3}},"8":{"start":{"line":16,"column":2},"end":{"line":16,"column":28}}},"fnMap":{"0":{"name":"(anonymous_0)","decl":{"start":{"line":6,"column":17},"end":{"line":6,"column":18}},"loc":{"start":{"line":6,"column":27},"end":{"line":17,"column":1}},"line":6}},"branchMap":{},"s":{"0":5,"1":5,"2":5,"3":5,"4":5,"5":5,"6":5,"7":5,"8":5},"f":{"0":5},"b":{},"_coverageSchema":"1a1c01bbd47fc00a2c39e90264f33305004495a9","hash":"a9e1e798e730316a9c6982741af013f84ed01113"}
,"/Users/Ray-Thurman/Documents/WEBPT8/backend/middleware/restricted.js": {"path":"/Users/Ray-Thurman/Documents/WEBPT8/backend/middleware/restricted.js","statementMap":{"0":{"start":{"line":1,"column":0},"end":{"line":1,"column":26}},"1":{"start":{"line":2,"column":12},"end":{"line":2,"column":35}},"2":{"start":{"line":4,"column":0},"end":{"line":16,"column":1}},"3":{"start":{"line":5,"column":2},"end":{"line":15,"column":3}},"4":{"start":{"line":6,"column":4},"end":{"line":14,"column":5}},"5":{"start":{"line":7,"column":20},"end":{"line":7,"column":45}},"6":{"start":{"line":8,"column":22},"end":{"line":8,"column":63}},"7":{"start":{"line":10,"column":6},"end":{"line":10,"column":34}},"8":{"start":{"line":11,"column":6},"end":{"line":11,"column":12}},"9":{"start":{"line":13,"column":6},"end":{"line":13,"column":72}}},"fnMap":{"0":{"name":"(anonymous_0)","decl":{"start":{"line":4,"column":17},"end":{"line":4,"column":18}},"loc":{"start":{"line":4,"column":23},"end":{"line":16,"column":1}},"line":4},"1":{"name":"(anonymous_1)","decl":{"start":{"line":5,"column":9},"end":{"line":5,"column":10}},"loc":{"start":{"line":5,"column":29},"end":{"line":15,"column":3}},"line":5}},"branchMap":{},"s":{"0":5,"1":5,"2":5,"3":15,"4":23,"5":23,"6":23,"7":23,"8":23,"9":0},"f":{"0":15,"1":23},"b":{},"_coverageSchema":"1a1c01bbd47fc00a2c39e90264f33305004495a9","hash":"34c869ad77b670693f3b635054b03f0899390bee"}
,"/Users/Ray-Thurman/Documents/WEBPT8/backend/middleware/validate.js": {"path":"/Users/Ray-Thurman/Documents/WEBPT8/backend/middleware/validate.js","statementMap":{"0":{"start":{"line":1,"column":19},"end":{"line":1,"column":45}},"1":{"start":{"line":13,"column":2},"end":{"line":36,"column":3}},"2":{"start":{"line":14,"column":4},"end":{"line":21,"column":5}},"3":{"start":{"line":20,"column":6},"end":{"line":20,"column":75}},"4":{"start":{"line":23,"column":20},"end":{"line":23,"column":66}},"5":{"start":{"line":24,"column":4},"end":{"line":26,"column":5}},"6":{"start":{"line":25,"column":6},"end":{"line":25,"column":79}},"7":{"start":{"line":28,"column":23},"end":{"line":28,"column":75}},"8":{"start":{"line":29,"column":4},"end":{"line":33,"column":5}},"9":{"start":{"line":30,"column":6},"end":{"line":32,"column":62}},"10":{"start":{"line":35,"column":4},"end":{"line":35,"column":10}},"11":{"start":{"line":44,"column":2},"end":{"line":52,"column":3}},"12":{"start":{"line":45,"column":4},"end":{"line":49,"column":5}},"13":{"start":{"line":46,"column":6},"end":{"line":48,"column":69}},"14":{"start":{"line":51,"column":4},"end":{"line":51,"column":10}},"15":{"start":{"line":55,"column":0},"end":{"line":58,"column":1}}},"fnMap":{"0":{"name":"validateRegister","decl":{"start":{"line":12,"column":9},"end":{"line":12,"column":25}},"loc":{"start":{"line":12,"column":28},"end":{"line":37,"column":1}},"line":12},"1":{"name":"(anonymous_1)","decl":{"start":{"line":13,"column":9},"end":{"line":13,"column":10}},"loc":{"start":{"line":13,"column":35},"end":{"line":36,"column":3}},"line":13},"2":{"name":"validateLogin","decl":{"start":{"line":43,"column":9},"end":{"line":43,"column":22}},"loc":{"start":{"line":43,"column":25},"end":{"line":53,"column":1}},"line":43},"3":{"name":"(anonymous_3)","decl":{"start":{"line":44,"column":9},"end":{"line":44,"column":10}},"loc":{"start":{"line":44,"column":29},"end":{"line":52,"column":3}},"line":44}},"branchMap":{"0":{"loc":{"start":{"line":14,"column":4},"end":{"line":21,"column":5}},"type":"if","locations":[{"start":{"line":14,"column":4},"end":{"line":21,"column":5}},{"start":{"line":14,"column":4},"end":{"line":21,"column":5}}],"line":14},"1":{"loc":{"start":{"line":15,"column":6},"end":{"line":18,"column":21}},"type":"binary-expr","locations":[{"start":{"line":15,"column":6},"end":{"line":15,"column":27}},{"start":{"line":16,"column":6},"end":{"line":16,"column":24}},{"start":{"line":17,"column":6},"end":{"line":17,"column":24}},{"start":{"line":18,"column":6},"end":{"line":18,"column":21}}],"line":15},"2":{"loc":{"start":{"line":24,"column":4},"end":{"line":26,"column":5}},"type":"if","locations":[{"start":{"line":24,"column":4},"end":{"line":26,"column":5}},{"start":{"line":24,"column":4},"end":{"line":26,"column":5}}],"line":24},"3":{"loc":{"start":{"line":29,"column":4},"end":{"line":33,"column":5}},"type":"if","locations":[{"start":{"line":29,"column":4},"end":{"line":33,"column":5}},{"start":{"line":29,"column":4},"end":{"line":33,"column":5}}],"line":29},"4":{"loc":{"start":{"line":45,"column":4},"end":{"line":49,"column":5}},"type":"if","locations":[{"start":{"line":45,"column":4},"end":{"line":49,"column":5}},{"start":{"line":45,"column":4},"end":{"line":49,"column":5}}],"line":45},"5":{"loc":{"start":{"line":45,"column":8},"end":{"line":45,"column":48}},"type":"binary-expr","locations":[{"start":{"line":45,"column":8},"end":{"line":45,"column":26}},{"start":{"line":45,"column":30},"end":{"line":45,"column":48}}],"line":45}},"s":{"0":5,"1":5,"2":7,"3":1,"4":6,"5":6,"6":0,"7":6,"8":6,"9":1,"10":5,"11":5,"12":26,"13":1,"14":25,"15":5},"f":{"0":5,"1":7,"2":5,"3":26},"b":{"0":[1,6],"1":[7,7,7,7],"2":[0,6],"3":[1,5],"4":[1,25],"5":[26,26]},"_coverageSchema":"1a1c01bbd47fc00a2c39e90264f33305004495a9","hash":"34835a94c331045e03e7059bd6a015363fbca4e8"}
,"/Users/Ray-Thurman/Documents/WEBPT8/backend/middleware/validateChild.js": {"path":"/Users/Ray-Thurman/Documents/WEBPT8/backend/middleware/validateChild.js","statementMap":{"0":{"start":{"line":1,"column":11},"end":{"line":1,"column":44}},"1":{"start":{"line":4,"column":2},"end":{"line":14,"column":3}},"2":{"start":{"line":5,"column":4},"end":{"line":13,"column":5}},"3":{"start":{"line":6,"column":20},"end":{"line":6,"column":52}},"4":{"start":{"line":7,"column":6},"end":{"line":7,"column":23}},"5":{"start":{"line":8,"column":6},"end":{"line":8,"column":12}},"6":{"start":{"line":10,"column":6},"end":{"line":12,"column":8}},"7":{"start":{"line":18,"column":2},"end":{"line":26,"column":3}},"8":{"start":{"line":19,"column":4},"end":{"line":23,"column":5}},"9":{"start":{"line":20,"column":6},"end":{"line":22,"column":8}},"10":{"start":{"line":25,"column":4},"end":{"line":25,"column":10}},"11":{"start":{"line":29,"column":0},"end":{"line":32,"column":1}}},"fnMap":{"0":{"name":"validateChildId","decl":{"start":{"line":3,"column":9},"end":{"line":3,"column":24}},"loc":{"start":{"line":3,"column":27},"end":{"line":15,"column":1}},"line":3},"1":{"name":"(anonymous_1)","decl":{"start":{"line":4,"column":9},"end":{"line":4,"column":10}},"loc":{"start":{"line":4,"column":35},"end":{"line":14,"column":3}},"line":4},"2":{"name":"validateChildInputs","decl":{"start":{"line":17,"column":9},"end":{"line":17,"column":28}},"loc":{"start":{"line":17,"column":31},"end":{"line":27,"column":1}},"line":17},"3":{"name":"(anonymous_3)","decl":{"start":{"line":18,"column":9},"end":{"line":18,"column":10}},"loc":{"start":{"line":18,"column":35},"end":{"line":26,"column":3}},"line":18}},"branchMap":{"0":{"loc":{"start":{"line":19,"column":4},"end":{"line":23,"column":5}},"type":"if","locations":[{"start":{"line":19,"column":4},"end":{"line":23,"column":5}},{"start":{"line":19,"column":4},"end":{"line":23,"column":5}}],"line":19},"1":{"loc":{"start":{"line":19,"column":8},"end":{"line":19,"column":46}},"type":"binary-expr","locations":[{"start":{"line":19,"column":8},"end":{"line":19,"column":22}},{"start":{"line":19,"column":26},"end":{"line":19,"column":46}}],"line":19}},"s":{"0":5,"1":15,"2":6,"3":6,"4":1,"5":1,"6":5,"7":5,"8":2,"9":1,"10":1,"11":5},"f":{"0":15,"1":6,"2":5,"3":2},"b":{"0":[1,1],"1":[2,2]},"_coverageSchema":"1a1c01bbd47fc00a2c39e90264f33305004495a9","hash":"1a1bd06b54f205757189c649514919d7238e3970"}
,"/Users/Ray-Thurman/Documents/WEBPT8/backend/middleware/validateFood.js": {"path":"/Users/Ray-Thurman/Documents/WEBPT8/backend/middleware/validateFood.js","statementMap":{"0":{"start":{"line":1,"column":17},"end":{"line":1,"column":43}},"1":{"start":{"line":4,"column":2},"end":{"line":15,"column":3}},"2":{"start":{"line":5,"column":19},"end":{"line":5,"column":59}},"3":{"start":{"line":7,"column":4},"end":{"line":11,"column":5}},"4":{"start":{"line":8,"column":6},"end":{"line":10,"column":8}},"5":{"start":{"line":13,"column":4},"end":{"line":13,"column":19}},"6":{"start":{"line":14,"column":4},"end":{"line":14,"column":10}},"7":{"start":{"line":19,"column":2},"end":{"line":32,"column":3}},"8":{"start":{"line":20,"column":20},"end":{"line":20,"column":66}},"9":{"start":{"line":22,"column":4},"end":{"line":29,"column":5}},"10":{"start":{"line":28,"column":6},"end":{"line":28,"column":42}},"11":{"start":{"line":31,"column":4},"end":{"line":31,"column":10}},"12":{"start":{"line":35,"column":0},"end":{"line":38,"column":1}}},"fnMap":{"0":{"name":"validateFoodId","decl":{"start":{"line":3,"column":9},"end":{"line":3,"column":23}},"loc":{"start":{"line":3,"column":26},"end":{"line":16,"column":1}},"line":3},"1":{"name":"(anonymous_1)","decl":{"start":{"line":4,"column":9},"end":{"line":4,"column":10}},"loc":{"start":{"line":4,"column":35},"end":{"line":15,"column":3}},"line":4},"2":{"name":"validateFoodInputs","decl":{"start":{"line":18,"column":9},"end":{"line":18,"column":27}},"loc":{"start":{"line":18,"column":30},"end":{"line":33,"column":1}},"line":18},"3":{"name":"(anonymous_3)","decl":{"start":{"line":19,"column":9},"end":{"line":19,"column":10}},"loc":{"start":{"line":19,"column":29},"end":{"line":32,"column":3}},"line":19}},"branchMap":{"0":{"loc":{"start":{"line":7,"column":4},"end":{"line":11,"column":5}},"type":"if","locations":[{"start":{"line":7,"column":4},"end":{"line":11,"column":5}},{"start":{"line":7,"column":4},"end":{"line":11,"column":5}}],"line":7},"1":{"loc":{"start":{"line":22,"column":4},"end":{"line":29,"column":5}},"type":"if","locations":[{"start":{"line":22,"column":4},"end":{"line":29,"column":5}},{"start":{"line":22,"column":4},"end":{"line":29,"column":5}}],"line":22},"2":{"loc":{"start":{"line":23,"column":6},"end":{"line":26,"column":24}},"type":"binary-expr","locations":[{"start":{"line":23,"column":6},"end":{"line":23,"column":20}},{"start":{"line":24,"column":6},"end":{"line":24,"column":24}},{"start":{"line":25,"column":6},"end":{"line":25,"column":20}},{"start":{"line":26,"column":6},"end":{"line":26,"column":24}}],"line":23}},"s":{"0":5,"1":15,"2":6,"3":6,"4":4,"5":2,"6":2,"7":5,"8":2,"9":2,"10":1,"11":1,"12":5},"f":{"0":15,"1":6,"2":5,"3":2},"b":{"0":[4,2],"1":[1,1],"2":[2,2,2,2]},"_coverageSchema":"1a1c01bbd47fc00a2c39e90264f33305004495a9","hash":"3e220b30f5ee36d3759569e580683e629b8c3e84"}
,"/Users/Ray-Thurman/Documents/WEBPT8/backend/middleware/validateParent.js": {"path":"/Users/Ray-Thurman/Documents/WEBPT8/backend/middleware/validateParent.js","statementMap":{"0":{"start":{"line":1,"column":19},"end":{"line":1,"column":45}},"1":{"start":{"line":6,"column":2},"end":{"line":19,"column":3}},"2":{"start":{"line":7,"column":4},"end":{"line":18,"column":5}},"3":{"start":{"line":8,"column":23},"end":{"line":8,"column":65}},"4":{"start":{"line":9,"column":6},"end":{"line":15,"column":7}},"5":{"start":{"line":10,"column":8},"end":{"line":10,"column":68}},"6":{"start":{"line":12,"column":36},"end":{"line":12,"column":42}},"7":{"start":{"line":13,"column":8},"end":{"line":13,"column":32}},"8":{"start":{"line":14,"column":8},"end":{"line":14,"column":14}},"9":{"start":{"line":17,"column":6},"end":{"line":17,"column":17}},"10":{"start":{"line":22,"column":0},"end":{"line":22,"column":37}}},"fnMap":{"0":{"name":"validateParentId","decl":{"start":{"line":5,"column":9},"end":{"line":5,"column":25}},"loc":{"start":{"line":5,"column":28},"end":{"line":20,"column":1}},"line":5},"1":{"name":"(anonymous_1)","decl":{"start":{"line":6,"column":9},"end":{"line":6,"column":10}},"loc":{"start":{"line":6,"column":35},"end":{"line":19,"column":3}},"line":6}},"branchMap":{"0":{"loc":{"start":{"line":9,"column":6},"end":{"line":15,"column":7}},"type":"if","locations":[{"start":{"line":9,"column":6},"end":{"line":15,"column":7}},{"start":{"line":9,"column":6},"end":{"line":15,"column":7}}],"line":9}},"s":{"0":5,"1":15,"2":6,"3":6,"4":6,"5":5,"6":1,"7":1,"8":1,"9":0,"10":5},"f":{"0":15,"1":6},"b":{"0":[5,1]},"_coverageSchema":"1a1c01bbd47fc00a2c39e90264f33305004495a9","hash":"d3541fc7b3042d49ae1d7b310ac6bae51c800935"}
,"/Users/Ray-Thurman/Documents/WEBPT8/backend/models/Child-models.js": {"path":"/Users/Ray-Thurman/Documents/WEBPT8/backend/models/Child-models.js","statementMap":{"0":{"start":{"line":1,"column":11},"end":{"line":1,"column":39}},"1":{"start":{"line":2,"column":26},"end":{"line":2,"column":44}},"2":{"start":{"line":6,"column":2},"end":{"line":8,"column":19}},"3":{"start":{"line":12,"column":21},"end":{"line":12,"column":56}},"4":{"start":{"line":13,"column":16},"end":{"line":13,"column":44}},"5":{"start":{"line":14,"column":18},"end":{"line":14,"column":64}},"6":{"start":{"line":15,"column":2},"end":{"line":19,"column":3}},"7":{"start":{"line":23,"column":2},"end":{"line":25,"column":19}},"8":{"start":{"line":30,"column":2},"end":{"line":33,"column":19}},"9":{"start":{"line":38,"column":2},"end":{"line":40,"column":10}},"10":{"start":{"line":43,"column":0},"end":{"line":49,"column":1}}},"fnMap":{"0":{"name":"findBy","decl":{"start":{"line":5,"column":9},"end":{"line":5,"column":15}},"loc":{"start":{"line":5,"column":24},"end":{"line":9,"column":1}},"line":5},"1":{"name":"findById","decl":{"start":{"line":11,"column":15},"end":{"line":11,"column":23}},"loc":{"start":{"line":11,"column":28},"end":{"line":20,"column":1}},"line":11},"2":{"name":"addChild","decl":{"start":{"line":22,"column":9},"end":{"line":22,"column":17}},"loc":{"start":{"line":22,"column":25},"end":{"line":26,"column":1}},"line":22},"3":{"name":"update","decl":{"start":{"line":29,"column":9},"end":{"line":29,"column":15}},"loc":{"start":{"line":29,"column":29},"end":{"line":34,"column":1}},"line":29},"4":{"name":"remove","decl":{"start":{"line":37,"column":9},"end":{"line":37,"column":15}},"loc":{"start":{"line":37,"column":20},"end":{"line":41,"column":1}},"line":37}},"branchMap":{},"s":{"0":5,"1":5,"2":7,"3":6,"4":6,"5":6,"6":1,"7":1,"8":1,"9":0,"10":5},"f":{"0":7,"1":6,"2":1,"3":1,"4":0},"b":{},"_coverageSchema":"1a1c01bbd47fc00a2c39e90264f33305004495a9","hash":"029952101682319132f49533bdece035d47b96dd"}
,"/Users/Ray-Thurman/Documents/WEBPT8/backend/models/Model.js": {"path":"/Users/Ray-Thurman/Documents/WEBPT8/backend/models/Model.js","statementMap":{"0":{"start":{"line":1,"column":11},"end":{"line":1,"column":39}},"1":{"start":{"line":5,"column":4},"end":{"line":5,"column":30}},"2":{"start":{"line":8,"column":4},"end":{"line":8,"column":29}},"3":{"start":{"line":11,"column":4},"end":{"line":11,"column":43}},"4":{"start":{"line":14,"column":4},"end":{"line":16,"column":21}},"5":{"start":{"line":19,"column":4},"end":{"line":22,"column":21}},"6":{"start":{"line":25,"column":4},"end":{"line":27,"column":12}},"7":{"start":{"line":31,"column":15},"end":{"line":31,"column":35}},"8":{"start":{"line":32,"column":14},"end":{"line":32,"column":32}},"9":{"start":{"line":33,"column":13},"end":{"line":33,"column":31}},"10":{"start":{"line":34,"column":16},"end":{"line":34,"column":37}},"11":{"start":{"line":36,"column":0},"end":{"line":36,"column":49}}},"fnMap":{"0":{"name":"(anonymous_0)","decl":{"start":{"line":4,"column":2},"end":{"line":4,"column":3}},"loc":{"start":{"line":4,"column":25},"end":{"line":6,"column":3}},"line":4},"1":{"name":"(anonymous_1)","decl":{"start":{"line":7,"column":2},"end":{"line":7,"column":3}},"loc":{"start":{"line":7,"column":9},"end":{"line":9,"column":3}},"line":7},"2":{"name":"(anonymous_2)","decl":{"start":{"line":10,"column":2},"end":{"line":10,"column":3}},"loc":{"start":{"line":10,"column":17},"end":{"line":12,"column":3}},"line":10},"3":{"name":"(anonymous_3)","decl":{"start":{"line":13,"column":2},"end":{"line":13,"column":3}},"loc":{"start":{"line":13,"column":15},"end":{"line":17,"column":3}},"line":13},"4":{"name":"(anonymous_4)","decl":{"start":{"line":18,"column":2},"end":{"line":18,"column":3}},"loc":{"start":{"line":18,"column":19},"end":{"line":23,"column":3}},"line":18},"5":{"name":"(anonymous_5)","decl":{"start":{"line":24,"column":2},"end":{"line":24,"column":3}},"loc":{"start":{"line":24,"column":13},"end":{"line":28,"column":3}},"line":24}},"branchMap":{},"s":{"0":5,"1":20,"2":0,"3":31,"4":1,"5":1,"6":1,"7":5,"8":5,"9":5,"10":5,"11":5},"f":{"0":20,"1":0,"2":31,"3":1,"4":1,"5":1},"b":{},"_coverageSchema":"1a1c01bbd47fc00a2c39e90264f33305004495a9","hash":"ce7d2b8ee7dcd3058ece7428bedbeea06fa2ea0c"}
,"/Users/Ray-Thurman/Documents/WEBPT8/backend/models/Parent-models.js": {"path":"/Users/Ray-Thurman/Documents/WEBPT8/backend/models/Parent-models.js","statementMap":{"0":{"start":{"line":1,"column":11},"end":{"line":1,"column":39}},"1":{"start":{"line":5,"column":2},"end":{"line":5,"column":56}},"2":{"start":{"line":10,"column":2},"end":{"line":12,"column":12}},"3":{"start":{"line":17,"column":2},"end":{"line":19,"column":47}},"4":{"start":{"line":24,"column":2},"end":{"line":26,"column":19}},"5":{"start":{"line":31,"column":2},"end":{"line":34,"column":19}},"6":{"start":{"line":39,"column":2},"end":{"line":39,"column":29}},"7":{"start":{"line":42,"column":0},"end":{"line":49,"column":1}}},"fnMap":{"0":{"name":"find","decl":{"start":{"line":4,"column":9},"end":{"line":4,"column":13}},"loc":{"start":{"line":4,"column":16},"end":{"line":6,"column":1}},"line":4},"1":{"name":"findBy","decl":{"start":{"line":9,"column":9},"end":{"line":9,"column":15}},"loc":{"start":{"line":9,"column":24},"end":{"line":13,"column":1}},"line":9},"2":{"name":"findById","decl":{"start":{"line":16,"column":9},"end":{"line":16,"column":17}},"loc":{"start":{"line":16,"column":22},"end":{"line":20,"column":1}},"line":16},"3":{"name":"add","decl":{"start":{"line":23,"column":9},"end":{"line":23,"column":12}},"loc":{"start":{"line":23,"column":19},"end":{"line":27,"column":1}},"line":23},"4":{"name":"update","decl":{"start":{"line":30,"column":9},"end":{"line":30,"column":15}},"loc":{"start":{"line":30,"column":26},"end":{"line":35,"column":1}},"line":30},"5":{"name":"remove","decl":{"start":{"line":38,"column":9},"end":{"line":38,"column":15}},"loc":{"start":{"line":38,"column":20},"end":{"line":40,"column":1}},"line":38}},"branchMap":{},"s":{"0":5,"1":0,"2":26,"3":0,"4":5,"5":0,"6":1,"7":5},"f":{"0":0,"1":26,"2":0,"3":5,"4":0,"5":1},"b":{},"_coverageSchema":"1a1c01bbd47fc00a2c39e90264f33305004495a9","hash":"3ed61b481d07e643177b061013c352dfdab6cfcf"}
,"/Users/Ray-Thurman/Documents/WEBPT8/backend/router/index.routes.js": {"path":"/Users/Ray-Thurman/Documents/WEBPT8/backend/router/index.routes.js","statementMap":{"0":{"start":{"line":1,"column":19},"end":{"line":1,"column":48}},"1":{"start":{"line":2,"column":21},"end":{"line":2,"column":54}},"2":{"start":{"line":3,"column":20},"end":{"line":3,"column":54}},"3":{"start":{"line":4,"column":19},"end":{"line":4,"column":49}},"4":{"start":{"line":5,"column":19},"end":{"line":5,"column":54}},"5":{"start":{"line":7,"column":0},"end":{"line":12,"column":1}},"6":{"start":{"line":8,"column":2},"end":{"line":8,"column":37}},"7":{"start":{"line":9,"column":2},"end":{"line":9,"column":55}},"8":{"start":{"line":10,"column":2},"end":{"line":10,"column":53}},"9":{"start":{"line":11,"column":2},"end":{"line":11,"column":52}}},"fnMap":{"0":{"name":"(anonymous_0)","decl":{"start":{"line":7,"column":17},"end":{"line":7,"column":18}},"loc":{"start":{"line":7,"column":27},"end":{"line":12,"column":1}},"line":7}},"branchMap":{},"s":{"0":5,"1":5,"2":5,"3":5,"4":5,"5":5,"6":5,"7":5,"8":5,"9":5},"f":{"0":5},"b":{},"_coverageSchema":"1a1c01bbd47fc00a2c39e90264f33305004495a9","hash":"d6bc808bd7eb9b629ea917d0d54a569ee8869ad3"}
,"/Users/Ray-Thurman/Documents/WEBPT8/backend/router/auth/auth-router.js": {"path":"/Users/Ray-Thurman/Documents/WEBPT8/backend/router/auth/auth-router.js","statementMap":{"0":{"start":{"line":1,"column":19},"end":{"line":1,"column":46}},"1":{"start":{"line":2,"column":15},"end":{"line":2,"column":34}},"2":{"start":{"line":3,"column":22},"end":{"line":3,"column":58}},"3":{"start":{"line":4,"column":16},"end":{"line":4,"column":53}},"4":{"start":{"line":5,"column":44},"end":{"line":5,"column":80}},"5":{"start":{"line":7,"column":0},"end":{"line":45,"column":4}},"6":{"start":{"line":9,"column":4},"end":{"line":21,"column":5}},"7":{"start":{"line":10,"column":17},"end":{"line":10,"column":25}},"8":{"start":{"line":11,"column":21},"end":{"line":11,"column":57}},"9":{"start":{"line":12,"column":6},"end":{"line":12,"column":28}},"10":{"start":{"line":14,"column":6},"end":{"line":14,"column":29}},"11":{"start":{"line":15,"column":6},"end":{"line":17,"column":67}},"12":{"start":{"line":19,"column":6},"end":{"line":19,"column":24}},"13":{"start":{"line":20,"column":6},"end":{"line":20,"column":17}},"14":{"start":{"line":25,"column":4},"end":{"line":44,"column":5}},"15":{"start":{"line":26,"column":37},"end":{"line":26,"column":45}},"16":{"start":{"line":27,"column":19},"end":{"line":27,"column":53}},"17":{"start":{"line":28,"column":23},"end":{"line":28,"column":68}},"18":{"start":{"line":30,"column":6},"end":{"line":41,"column":7}},"19":{"start":{"line":31,"column":22},"end":{"line":31,"column":41}},"20":{"start":{"line":32,"column":8},"end":{"line":36,"column":10}},"21":{"start":{"line":38,"column":8},"end":{"line":40,"column":10}},"22":{"start":{"line":43,"column":6},"end":{"line":43,"column":17}},"23":{"start":{"line":47,"column":0},"end":{"line":47,"column":27}}},"fnMap":{"0":{"name":"(anonymous_0)","decl":{"start":{"line":8,"column":41},"end":{"line":8,"column":42}},"loc":{"start":{"line":8,"column":67},"end":{"line":22,"column":3}},"line":8},"1":{"name":"(anonymous_1)","decl":{"start":{"line":24,"column":35},"end":{"line":24,"column":36}},"loc":{"start":{"line":24,"column":61},"end":{"line":45,"column":3}},"line":24}},"branchMap":{"0":{"loc":{"start":{"line":30,"column":6},"end":{"line":41,"column":7}},"type":"if","locations":[{"start":{"line":30,"column":6},"end":{"line":41,"column":7}},{"start":{"line":30,"column":6},"end":{"line":41,"column":7}}],"line":30},"1":{"loc":{"start":{"line":30,"column":10},"end":{"line":30,"column":26}},"type":"binary-expr","locations":[{"start":{"line":30,"column":10},"end":{"line":30,"column":14}},{"start":{"line":30,"column":18},"end":{"line":30,"column":26}}],"line":30}},"s":{"0":5,"1":5,"2":5,"3":5,"4":5,"5":5,"6":5,"7":5,"8":5,"9":5,"10":5,"11":4,"12":1,"13":1,"14":25,"15":25,"16":25,"17":25,"18":25,"19":24,"20":24,"21":1,"22":0,"23":5},"f":{"0":5,"1":25},"b":{"0":[24,1],"1":[25,25]},"_coverageSchema":"1a1c01bbd47fc00a2c39e90264f33305004495a9","hash":"bc84db28cff093a4129397217d9dad64ad96c42b"}
,"/Users/Ray-Thurman/Documents/WEBPT8/backend/router/children/child-router.js": {"path":"/Users/Ray-Thurman/Documents/WEBPT8/backend/router/children/child-router.js","statementMap":{"0":{"start":{"line":1,"column":20},"end":{"line":1,"column":47}},"1":{"start":{"line":2,"column":11},"end":{"line":2,"column":47}},"2":{"start":{"line":6,"column":4},"end":{"line":6,"column":45}},"3":{"start":{"line":8,"column":0},"end":{"line":56,"column":4}},"4":{"start":{"line":11,"column":4},"end":{"line":16,"column":5}},"5":{"start":{"line":12,"column":23},"end":{"line":12,"column":65}},"6":{"start":{"line":13,"column":6},"end":{"line":13,"column":43}},"7":{"start":{"line":15,"column":6},"end":{"line":15,"column":17}},"8":{"start":{"line":21,"column":4},"end":{"line":25,"column":5}},"9":{"start":{"line":22,"column":6},"end":{"line":22,"column":44}},"10":{"start":{"line":24,"column":6},"end":{"line":24,"column":17}},"11":{"start":{"line":30,"column":4},"end":{"line":35,"column":5}},"12":{"start":{"line":31,"column":23},"end":{"line":31,"column":80}},"13":{"start":{"line":32,"column":6},"end":{"line":32,"column":43}},"14":{"start":{"line":34,"column":6},"end":{"line":34,"column":17}},"15":{"start":{"line":40,"column":4},"end":{"line":45,"column":5}},"16":{"start":{"line":41,"column":6},"end":{"line":41,"column":46}},"17":{"start":{"line":42,"column":6},"end":{"line":42,"column":63}},"18":{"start":{"line":44,"column":6},"end":{"line":44,"column":17}},"19":{"start":{"line":50,"column":4},"end":{"line":55,"column":5}},"20":{"start":{"line":51,"column":23},"end":{"line":51,"column":53}},"21":{"start":{"line":52,"column":6},"end":{"line":52,"column":24}},"22":{"start":{"line":54,"column":6},"end":{"line":54,"column":17}},"23":{"start":{"line":58,"column":0},"end":{"line":58,"column":28}}},"fnMap":{"0":{"name":"(anonymous_0)","decl":{"start":{"line":9,"column":12},"end":{"line":9,"column":13}},"loc":{"start":{"line":9,"column":38},"end":{"line":17,"column":3}},"line":9},"1":{"name":"(anonymous_1)","decl":{"start":{"line":20,"column":34},"end":{"line":20,"column":35}},"loc":{"start":{"line":20,"column":54},"end":{"line":26,"column":3}},"line":20},"2":{"name":"(anonymous_2)","decl":{"start":{"line":29,"column":36},"end":{"line":29,"column":37}},"loc":{"start":{"line":29,"column":62},"end":{"line":36,"column":3}},"line":29},"3":{"name":"(anonymous_3)","decl":{"start":{"line":39,"column":34},"end":{"line":39,"column":35}},"loc":{"start":{"line":39,"column":60},"end":{"line":46,"column":3}},"line":39},"4":{"name":"(anonymous_4)","decl":{"start":{"line":49,"column":37},"end":{"line":49,"column":38}},"loc":{"start":{"line":49,"column":63},"end":{"line":56,"column":3}},"line":49}},"branchMap":{},"s":{"0":5,"1":5,"2":5,"3":5,"4":1,"5":1,"6":1,"7":0,"8":0,"9":0,"10":0,"11":1,"12":1,"13":1,"14":0,"15":1,"16":1,"17":1,"18":0,"19":0,"20":0,"21":0,"22":0,"23":5},"f":{"0":1,"1":0,"2":1,"3":1,"4":0},"b":{},"_coverageSchema":"1a1c01bbd47fc00a2c39e90264f33305004495a9","hash":"7d0184b5e3b1a26fde5524f87aa76b754aece5b9"}
,"/Users/Ray-Thurman/Documents/WEBPT8/backend/router/foods/food-router.js": {"path":"/Users/Ray-Thurman/Documents/WEBPT8/backend/router/foods/food-router.js","statementMap":{"0":{"start":{"line":1,"column":19},"end":{"line":1,"column":46}},"1":{"start":{"line":2,"column":17},"end":{"line":2,"column":46}},"2":{"start":{"line":6,"column":4},"end":{"line":6,"column":44}},"3":{"start":{"line":8,"column":0},"end":{"line":45,"column":4}},"4":{"start":{"line":11,"column":4},"end":{"line":15,"column":5}},"5":{"start":{"line":12,"column":6},"end":{"line":12,"column":43}},"6":{"start":{"line":14,"column":6},"end":{"line":14,"column":17}},"7":{"start":{"line":19,"column":4},"end":{"line":24,"column":5}},"8":{"start":{"line":20,"column":22},"end":{"line":20,"column":46}},"9":{"start":{"line":21,"column":6},"end":{"line":21,"column":42}},"10":{"start":{"line":23,"column":6},"end":{"line":23,"column":17}},"11":{"start":{"line":29,"column":4},"end":{"line":34,"column":5}},"12":{"start":{"line":30,"column":6},"end":{"line":30,"column":48}},"13":{"start":{"line":31,"column":6},"end":{"line":31,"column":62}},"14":{"start":{"line":33,"column":6},"end":{"line":33,"column":17}},"15":{"start":{"line":39,"column":4},"end":{"line":44,"column":5}},"16":{"start":{"line":40,"column":6},"end":{"line":40,"column":38}},"17":{"start":{"line":41,"column":6},"end":{"line":41,"column":62}},"18":{"start":{"line":43,"column":6},"end":{"line":43,"column":17}},"19":{"start":{"line":47,"column":0},"end":{"line":47,"column":27}}},"fnMap":{"0":{"name":"(anonymous_0)","decl":{"start":{"line":10,"column":33},"end":{"line":10,"column":34}},"loc":{"start":{"line":10,"column":53},"end":{"line":16,"column":3}},"line":10},"1":{"name":"(anonymous_1)","decl":{"start":{"line":18,"column":35},"end":{"line":18,"column":36}},"loc":{"start":{"line":18,"column":61},"end":{"line":25,"column":3}},"line":18},"2":{"name":"(anonymous_2)","decl":{"start":{"line":28,"column":33},"end":{"line":28,"column":34}},"loc":{"start":{"line":28,"column":59},"end":{"line":35,"column":3}},"line":28},"3":{"name":"(anonymous_3)","decl":{"start":{"line":38,"column":36},"end":{"line":38,"column":37}},"loc":{"start":{"line":38,"column":62},"end":{"line":45,"column":3}},"line":38}},"branchMap":{},"s":{"0":5,"1":5,"2":5,"3":5,"4":0,"5":0,"6":0,"7":1,"8":1,"9":1,"10":0,"11":1,"12":1,"13":1,"14":0,"15":1,"16":1,"17":1,"18":0,"19":5},"f":{"0":0,"1":1,"2":1,"3":1},"b":{},"_coverageSchema":"1a1c01bbd47fc00a2c39e90264f33305004495a9","hash":"e415a0ef11639b1c5f7da340bfcf092597a1c338"}
,"/Users/Ray-Thurman/Documents/WEBPT8/backend/router/parent/parent-router.js": {"path":"/Users/Ray-Thurman/Documents/WEBPT8/backend/router/parent/parent-router.js","statementMap":{"0":{"start":{"line":1,"column":21},"end":{"line":1,"column":48}},"1":{"start":{"line":2,"column":11},"end":{"line":2,"column":48}},"2":{"start":{"line":3,"column":29},"end":{"line":3,"column":71}},"3":{"start":{"line":5,"column":0},"end":{"line":35,"column":4}},"4":{"start":{"line":7,"column":21},"end":{"line":7,"column":50}},"5":{"start":{"line":8,"column":4},"end":{"line":8,"column":39}},"6":{"start":{"line":12,"column":4},"end":{"line":16,"column":5}},"7":{"start":{"line":13,"column":6},"end":{"line":13,"column":45}},"8":{"start":{"line":15,"column":6},"end":{"line":15,"column":17}},"9":{"start":{"line":20,"column":4},"end":{"line":25,"column":5}},"10":{"start":{"line":21,"column":24},"end":{"line":21,"column":64}},"11":{"start":{"line":22,"column":6},"end":{"line":22,"column":44}},"12":{"start":{"line":24,"column":6},"end":{"line":24,"column":17}},"13":{"start":{"line":29,"column":4},"end":{"line":34,"column":5}},"14":{"start":{"line":30,"column":6},"end":{"line":30,"column":36}},"15":{"start":{"line":31,"column":6},"end":{"line":31,"column":62}},"16":{"start":{"line":33,"column":6},"end":{"line":33,"column":17}},"17":{"start":{"line":37,"column":0},"end":{"line":37,"column":29}}},"fnMap":{"0":{"name":"(anonymous_0)","decl":{"start":{"line":6,"column":12},"end":{"line":6,"column":13}},"loc":{"start":{"line":6,"column":38},"end":{"line":9,"column":3}},"line":6},"1":{"name":"(anonymous_1)","decl":{"start":{"line":11,"column":35},"end":{"line":11,"column":36}},"loc":{"start":{"line":11,"column":55},"end":{"line":17,"column":3}},"line":11},"2":{"name":"(anonymous_2)","decl":{"start":{"line":19,"column":35},"end":{"line":19,"column":36}},"loc":{"start":{"line":19,"column":61},"end":{"line":26,"column":3}},"line":19},"3":{"name":"(anonymous_3)","decl":{"start":{"line":28,"column":38},"end":{"line":28,"column":39}},"loc":{"start":{"line":28,"column":64},"end":{"line":35,"column":3}},"line":28}},"branchMap":{},"s":{"0":5,"1":5,"2":5,"3":5,"4":0,"5":0,"6":0,"7":0,"8":0,"9":0,"10":0,"11":0,"12":0,"13":1,"14":1,"15":1,"16":0,"17":5},"f":{"0":0,"1":0,"2":0,"3":1},"b":{},"_coverageSchema":"1a1c01bbd47fc00a2c39e90264f33305004495a9","hash":"4aec9385ec97c734945bdd97b27da284fd2a33ad"}
,"/Users/Ray-Thurman/Documents/WEBPT8/backend/token/generateToken.js": {"path":"/Users/Ray-Thurman/Documents/WEBPT8/backend/token/generateToken.js","statementMap":{"0":{"start":{"line":1,"column":0},"end":{"line":1,"column":27}},"1":{"start":{"line":2,"column":12},"end":{"line":2,"column":35}},"2":{"start":{"line":4,"column":22},"end":{"line":17,"column":1}},"3":{"start":{"line":5,"column":18},"end":{"line":8,"column":3}},"4":{"start":{"line":10,"column":18},"end":{"line":12,"column":3}},"5":{"start":{"line":14,"column":17},"end":{"line":14,"column":39}},"6":{"start":{"line":16,"column":2},"end":{"line":16,"column":44}},"7":{"start":{"line":19,"column":0},"end":{"line":19,"column":31}}},"fnMap":{"0":{"name":"(anonymous_0)","decl":{"start":{"line":4,"column":22},"end":{"line":4,"column":23}},"loc":{"start":{"line":4,"column":30},"end":{"line":17,"column":1}},"line":4}},"branchMap":{},"s":{"0":5,"1":5,"2":5,"3":24,"4":24,"5":24,"6":24,"7":5},"f":{"0":24},"b":{},"_coverageSchema":"1a1c01bbd47fc00a2c39e90264f33305004495a9","hash":"f83e25155a0d0ecc129bea1bf6b8aa464aadf1c0"}
}
