TN:
SF:middleware/index.js
FN:27,(anonymous_0)
FNF:1
FNH:1
FNDA:5,(anonymous_0)
DA:1,5
DA:2,5
DA:3,5
DA:4,5
DA:5,5
DA:6,5
DA:8,5
DA:14,5
DA:20,5
DA:27,5
DA:28,5
DA:29,5
DA:30,5
DA:31,5
LF:14
LH:14
BRF:0
BRH:0
end_of_record
TN:
SF:router/auth/auth-router.js
FN:14,(anonymous_0)
FN:30,(anonymous_1)
FN:53,(anonymous_2)
FN:61,(anonymous_3)
FNF:4
FNH:2
FNDA:1,(anonymous_0)
FNDA:6,(anonymous_1)
FNDA:0,(anonymous_2)
FNDA:0,(anonymous_3)
DA:1,5
DA:2,5
DA:3,5
DA:4,5
DA:5,5
DA:6,5
DA:7,5
DA:11,5
DA:13,5
DA:15,1
DA:16,1
DA:17,1
DA:18,1
DA:20,1
DA:21,1
DA:25,0
DA:26,0
DA:31,6
DA:32,6
DA:33,6
DA:34,6
DA:36,5
DA:37,4
DA:38,4
DA:44,1
DA:49,1
DA:54,0
DA:55,0
DA:57,0
DA:62,0
DA:63,0
DA:64,0
DA:65,0
DA:66,0
DA:70,0
DA:71,0
DA:73,0
DA:77,5
LF:38
LH:25
BRDA:36,0,0,4
BRDA:36,0,1,1
BRDA:36,1,0,5
BRDA:36,1,1,5
BRF:4
BRH:4
end_of_record
