TN:
SF:knexfile.js
FN:27,(anonymous_0)
FNF:1
FNH:1
FNDA:4,(anonymous_0)
DA:1,5
DA:2,5
DA:4,5
DA:11,5
DA:12,5
DA:14,0
DA:17,5
DA:28,4
DA:33,5
LF:9
LH:8
BRDA:11,0,0,5
BRDA:11,0,1,0
BRDA:50,1,0,5
BRDA:50,1,1,5
BRF:4
BRH:3
end_of_record
TN:
SF:api/server.js
FN:10,(anonymous_0)
FNF:1
FNH:1
FNDA:1,(anonymous_0)
DA:1,5
DA:2,5
DA:3,5
DA:5,5
DA:7,5
DA:8,5
DA:10,5
DA:11,1
DA:14,5
LF:9
LH:9
BRF:0
BRH:0
end_of_record
TN:
SF:data/db-config.js
FNF:0
FNH:0
DA:1,5
DA:2,5
DA:4,5
DA:6,5
DA:8,5
LF:5
LH:5
BRDA:6,0,0,5
BRDA:6,0,1,0
BRF:2
BRH:1
end_of_record
TN:
SF:data/seeds/00-cleanup.js
FN:4,(anonymous_0)
FNF:1
FNH:1
FNDA:30,(anonymous_0)
DA:1,4
DA:2,4
DA:4,4
DA:5,30
LF:4
LH:4
BRF:0
BRH:0
end_of_record
TN:
SF:data/seeds/01-parents.js
FN:3,(anonymous_0)
FNF:1
FNH:1
FNDA:30,(anonymous_0)
DA:1,4
DA:3,4
DA:4,30
DA:6,30
LF:4
LH:4
BRF:0
BRH:0
end_of_record
TN:
SF:data/seeds/02-monsters.js
FN:1,(anonymous_0)
FNF:1
FNH:1
FNDA:18,(anonymous_0)
DA:1,4
DA:2,18
LF:2
LH:2
BRF:0
BRH:0
end_of_record
TN:
SF:data/seeds/03-children.js
FN:1,(anonymous_0)
FNF:1
FNH:1
FNDA:18,(anonymous_0)
DA:1,4
DA:2,18
LF:2
LH:2
BRF:0
BRH:0
end_of_record
TN:
SF:data/seeds/04-foods.js
FN:1,(anonymous_0)
FNF:1
FNH:1
FNDA:17,(anonymous_0)
DA:1,4
DA:2,17
LF:2
LH:2
BRF:0
BRH:0
end_of_record
TN:
SF:middleware/index.js
FN:6,(anonymous_0)
FNF:1
FNH:1
FNDA:5,(anonymous_0)
DA:1,5
DA:2,5
DA:3,5
DA:4,5
DA:6,5
DA:7,5
DA:8,5
DA:9,5
DA:16,5
LF:9
LH:9
BRF:0
BRH:0
end_of_record
TN:
SF:middleware/restricted.js
FN:4,(anonymous_0)
FN:5,(anonymous_1)
FNF:2
FNH:2
FNDA:15,(anonymous_0)
FNDA:23,(anonymous_1)
DA:1,5
DA:2,5
DA:4,5
DA:5,15
DA:6,23
DA:7,23
DA:8,23
DA:10,23
DA:11,23
DA:13,0
LF:10
LH:9
BRF:0
BRH:0
end_of_record
TN:
SF:middleware/validate.js
FN:12,validateRegister
FN:13,(anonymous_1)
FN:43,validateLogin
FN:44,(anonymous_3)
FNF:4
FNH:4
FNDA:5,validateRegister
FNDA:7,(anonymous_1)
FNDA:5,validateLogin
FNDA:26,(anonymous_3)
DA:1,5
DA:13,5
DA:14,7
DA:20,1
DA:23,6
DA:24,6
DA:25,0
DA:28,6
DA:29,6
DA:30,1
DA:35,5
DA:44,5
DA:45,26
DA:46,1
DA:51,25
DA:55,5
LF:16
LH:15
BRDA:14,0,0,1
BRDA:14,0,1,6
BRDA:15,1,0,7
BRDA:15,1,1,7
BRDA:15,1,2,7
BRDA:15,1,3,7
BRDA:24,2,0,0
BRDA:24,2,1,6
BRDA:29,3,0,1
BRDA:29,3,1,5
BRDA:45,4,0,1
BRDA:45,4,1,25
BRDA:45,5,0,26
BRDA:45,5,1,26
BRF:14
BRH:13
end_of_record
TN:
SF:middleware/validateChild.js
FN:3,validateChildId
FN:4,(anonymous_1)
FN:17,validateChildInputs
FN:18,(anonymous_3)
FNF:4
FNH:4
FNDA:15,validateChildId
FNDA:6,(anonymous_1)
FNDA:5,validateChildInputs
FNDA:2,(anonymous_3)
DA:1,5
DA:4,15
DA:5,6
DA:6,6
DA:7,1
DA:8,1
DA:10,5
DA:18,5
DA:19,2
DA:20,1
DA:25,1
DA:29,5
LF:12
LH:12
BRDA:19,0,0,1
BRDA:19,0,1,1
BRDA:19,1,0,2
BRDA:19,1,1,2
BRF:4
BRH:4
end_of_record
TN:
SF:middleware/validateFood.js
FN:3,validateFoodId
FN:4,(anonymous_1)
FN:18,validateFoodInputs
FN:19,(anonymous_3)
FNF:4
FNH:4
FNDA:15,validateFoodId
FNDA:6,(anonymous_1)
FNDA:5,validateFoodInputs
FNDA:2,(anonymous_3)
DA:1,5
DA:4,15
DA:5,6
DA:7,6
DA:8,4
DA:13,2
DA:14,2
DA:19,5
DA:20,2
DA:22,2
DA:28,1
DA:31,1
DA:35,5
LF:13
LH:13
BRDA:7,0,0,4
BRDA:7,0,1,2
BRDA:22,1,0,1
BRDA:22,1,1,1
BRDA:23,2,0,2
BRDA:23,2,1,2
BRDA:23,2,2,2
BRDA:23,2,3,2
BRF:8
BRH:8
end_of_record
TN:
SF:middleware/validateParent.js
FN:5,validateParentId
FN:6,(anonymous_1)
FNF:2
FNH:2
FNDA:15,validateParentId
FNDA:6,(anonymous_1)
DA:1,5
DA:6,15
DA:7,6
DA:8,6
DA:9,6
DA:10,5
DA:12,1
DA:13,1
DA:14,1
DA:17,0
DA:22,5
LF:11
LH:10
BRDA:9,0,0,5
BRDA:9,0,1,1
BRF:2
BRH:2
end_of_record
TN:
SF:models/Child-models.js
FN:5,findBy
FN:11,findById
FN:22,addChild
FN:29,update
FN:37,remove
FNF:5
FNH:4
FNDA:7,findBy
FNDA:6,findById
FNDA:1,addChild
FNDA:1,update
FNDA:0,remove
DA:1,5
DA:2,5
DA:6,7
DA:12,6
DA:13,6
DA:14,6
DA:15,1
DA:23,1
DA:30,1
DA:38,0
DA:43,5
LF:11
LH:10
BRF:0
BRH:0
end_of_record
TN:
SF:models/Model.js
FN:4,(anonymous_0)
FN:7,(anonymous_1)
FN:10,(anonymous_2)
FN:13,(anonymous_3)
FN:18,(anonymous_4)
FN:24,(anonymous_5)
FNF:6
FNH:5
FNDA:20,(anonymous_0)
FNDA:0,(anonymous_1)
FNDA:31,(anonymous_2)
FNDA:1,(anonymous_3)
FNDA:1,(anonymous_4)
FNDA:1,(anonymous_5)
DA:1,5
DA:5,20
DA:8,0
DA:11,31
DA:14,1
DA:19,1
DA:25,1
DA:31,5
DA:32,5
DA:33,5
DA:34,5
DA:36,5
LF:12
LH:11
BRF:0
BRH:0
end_of_record
TN:
SF:models/Parent-models.js
FN:4,find
FN:9,findBy
FN:16,findById
FN:23,add
FN:30,update
FN:38,remove
FNF:6
FNH:3
FNDA:0,find
FNDA:26,findBy
FNDA:0,findById
FNDA:5,add
FNDA:0,update
FNDA:1,remove
DA:1,5
DA:5,0
DA:10,26
DA:17,0
DA:24,5
DA:31,0
DA:39,1
DA:42,5
LF:8
LH:5
BRF:0
BRH:0
end_of_record
TN:
SF:router/index.routes.js
FN:7,(anonymous_0)
FNF:1
FNH:1
FNDA:5,(anonymous_0)
DA:1,5
DA:2,5
DA:3,5
DA:4,5
DA:5,5
DA:7,5
DA:8,5
DA:9,5
DA:10,5
DA:11,5
LF:10
LH:10
BRF:0
BRH:0
end_of_record
TN:
SF:router/auth/auth-router.js
FN:8,(anonymous_0)
FN:24,(anonymous_1)
FNF:2
FNH:2
FNDA:5,(anonymous_0)
FNDA:25,(anonymous_1)
DA:1,5
DA:2,5
DA:3,5
DA:4,5
DA:5,5
DA:7,5
DA:9,5
DA:10,5
DA:11,5
DA:12,5
DA:14,5
DA:15,4
DA:19,1
DA:20,1
DA:25,25
DA:26,25
DA:27,25
DA:28,25
DA:30,25
DA:31,24
DA:32,24
DA:38,1
DA:43,0
DA:47,5
LF:24
LH:23
BRDA:30,0,0,24
BRDA:30,0,1,1
BRDA:30,1,0,25
BRDA:30,1,1,25
BRF:4
BRH:4
end_of_record
TN:
SF:router/children/child-router.js
FN:9,(anonymous_0)
FN:20,(anonymous_1)
FN:29,(anonymous_2)
FN:39,(anonymous_3)
FN:49,(anonymous_4)
FNF:5
FNH:3
FNDA:1,(anonymous_0)
FNDA:0,(anonymous_1)
FNDA:1,(anonymous_2)
FNDA:1,(anonymous_3)
FNDA:0,(anonymous_4)
DA:1,5
DA:2,5
DA:6,5
DA:8,5
DA:11,1
DA:12,1
DA:13,1
DA:15,0
DA:21,0
DA:22,0
DA:24,0
DA:30,1
DA:31,1
DA:32,1
DA:34,0
DA:40,1
DA:41,1
DA:42,1
DA:44,0
DA:50,0
DA:51,0
DA:52,0
DA:54,0
DA:58,5
LF:24
LH:14
BRF:0
BRH:0
end_of_record
TN:
SF:router/foods/food-router.js
FN:10,(anonymous_0)
FN:18,(anonymous_1)
FN:28,(anonymous_2)
FN:38,(anonymous_3)
FNF:4
FNH:3
FNDA:0,(anonymous_0)
FNDA:1,(anonymous_1)
FNDA:1,(anonymous_2)
FNDA:1,(anonymous_3)
DA:1,5
DA:2,5
DA:6,5
DA:8,5
DA:11,0
DA:12,0
DA:14,0
DA:19,1
DA:20,1
DA:21,1
DA:23,0
DA:29,1
DA:30,1
DA:31,1
DA:33,0
DA:39,1
DA:40,1
DA:41,1
DA:43,0
DA:47,5
LF:20
LH:14
BRF:0
BRH:0
end_of_record
TN:
SF:router/parent/parent-router.js
FN:6,(anonymous_0)
FN:11,(anonymous_1)
FN:19,(anonymous_2)
FN:28,(anonymous_3)
FNF:4
FNH:1
FNDA:0,(anonymous_0)
FNDA:0,(anonymous_1)
FNDA:0,(anonymous_2)
FNDA:1,(anonymous_3)
DA:1,5
DA:2,5
DA:3,5
DA:5,5
DA:7,0
DA:8,0
DA:12,0
DA:13,0
DA:15,0
DA:20,0
DA:21,0
DA:22,0
DA:24,0
DA:29,1
DA:30,1
DA:31,1
DA:33,0
DA:37,5
LF:18
LH:8
BRF:0
BRH:0
end_of_record
TN:
SF:token/generateToken.js
FN:4,(anonymous_0)
FNF:1
FNH:1
FNDA:24,(anonymous_0)
DA:1,5
DA:2,5
DA:4,5
DA:5,24
DA:10,24
DA:14,24
DA:16,24
DA:19,5
LF:8
LH:8
BRF:0
BRH:0
end_of_record
